C51 COMPILER V9.01   RESPONSE                                                              02/22/2017 16:00:37 PAGE 1   


C51 COMPILER V9.01, COMPILATION OF MODULE RESPONSE
OBJECT MODULE PLACED IN .\Objects\response.obj
COMPILER INVOKED BY: C:\Keil\C51\BIN\C51.EXE response.c LARGE BROWSE DEBUG OBJECTEXTEND CODE LISTINCLUDE SYMBOLS PRINT(.
                    -\Listings\response.lst) PREPRINT(.\Listings\response.i) OBJECT(.\Objects\response.obj)

line level    source

   1          #include "transmission.h"
   1      =1  #ifndef TRANSMISSION_HEADER_FILE
   2      =1  #define TRANSMISSION_HEADER_FILE 1
   3      =1  
   4      =1  extern unsigned char header[5];
   5      =1  extern unsigned int sw;
   6      =1  
   7      =1  void send_ATR();
   8      =1  void send_ATR_direct();
   9      =1  void Transmission_GetHeader(); 
  10      =1  void Transmission_SendSW();
  11      =1  void Transmission_SendDebug();
  12      =1  char Transmission_GetByte ();
  13      =1  void Transmission_SendByte (char c);
  14      =1  
  15      =1  
  16      =1  #endif
   2          #include "response.h"
   1      =1  #ifndef RESPONSE_H
   2      =1  
   3      =1  #define RESPONSE_H
   4      =1  
   5      =1  typedef enum
   6      =1  {
   7      =1    Response_OK,
   8      =1    Response_Normal,
   9      =1          Response_Auth_Success,
  10      =1    Response_Warning_Unchanged,
  11      =1    Response_Warning_DataCorrupt,
  12      =1    Response_Warning_EndOfFile,
  13      =1    Response_Warning_FileDeactivated,
  14      =1    Response_Warning_Changed,
  15      =1    Response_Warning_FilledUp,
  16      =1    Response_Warning_Counter,
  17      =1    Response_Error_Unchanged,
  18      =1    Response_Error_Changed,
  19      =1    Response_WrongLength,
  20      =1    Response_NotSupported,
  21      =1    Response_NotSupported_LogicalChannel,
  22      =1    Response_NotSupported_SecureMessaging,
  23      =1    Response_NotSupported_LastCommandExpected,
  24      =1    Response_NotSupported_CommandChain,
  25      =1    Response_CmdNotAllowed,
  26      =1    Response_CmdNotAllowed_Incompatible_FS,
  27      =1    Response_CmdNotAllowed_SecurityStatus,
  28      =1    Response_CmdNotAllowed_AuthBlocked,
  29      =1    Response_CmdNotAllowed_RefDataNotUsable,
  30      =1    Response_CmdNotAllowed_ConditionNotSatisfied,
  31      =1    Response_CmdNotAllowed_NoCurrentEF,
  32      =1    Response_CmdNotAllowed_ExpectSecureMsg,
  33      =1    Response_CmdNotAllowed_IncorrectSecureMsg,
  34      =1    Response_WrongP1P2,
  35      =1    Response_WrongP1P2_IncorrectData,
  36      =1    Response_WrongP1P2_FuncNotSupported,
C51 COMPILER V9.01   RESPONSE                                                              02/22/2017 16:00:37 PAGE 2   

  37      =1    Response_WrongP1P2_FileNotFound,
  38      =1    Response_WrongP1P2_RecordNotFound,
  39      =1    Response_WrongP1P2_NotEnoughMem,
  40      =1    Response_WrongP1P2_NCInconsistentTLV,
  41      =1    Response_WrongP1P2_IncorrectP1P2,
  42      =1    Response_WrongP1P2_NCInconsistentP1P2,
  43      =1    Response_WrongP1P2_RefDataNotFound,
  44      =1    Response_WrongP1P2_FileExist,
  45      =1    Response_WrongP1P2_DFNameExist,
  46      =1    Response_INSNotSupported,
  47      =1    Response_CLANotSupported,
  48      =1    Response_FatalError,
  49      =1  } rspn_type;
  50      =1  
  51      =1  
  52      =1  void Response_SetSW(unsigned char response, unsigned char extra);
  53      =1  #endif
   3          
   4          unsigned int sw;
   5          
   6          void Response_SetSW( unsigned char response, unsigned char extra )
   7          {
   8   1              switch( response ) {
   9   2                      case Response_OK:
  10   2                              sw = 0x9000;
  11   2                              break;
  12   2                      case Response_Normal:
  13   2                              sw = 0x6100;
  14   2                              break;
  15   2                      case Response_Auth_Success:
  16   2                              sw = 0x6108;
  17   2                              break;
  18   2                      case Response_Warning_Unchanged:
  19   2                              sw = 0x6200;
  20   2                              break;
  21   2                      case Response_Warning_DataCorrupt:
  22   2                              sw = 0x6281;
  23   2                              break;
  24   2                      case Response_Warning_EndOfFile:
  25   2                              sw = 0x6282;
  26   2                              break;
  27   2                      case Response_Warning_FileDeactivated:
  28   2                              sw = 0x6283;
  29   2                              break;
  30   2                      case Response_Warning_Changed:
  31   2                              sw = 0x6300;
  32   2                              break;
  33   2                      case Response_Warning_FilledUp:
  34   2                              sw = 0x6381;
  35   2                              break;
  36   2                      case Response_Warning_Counter:
  37   2                              sw = 0x63C0;
  38   2                              break;
  39   2                      case Response_Error_Unchanged:
  40   2                              sw = 0x6400;
  41   2                              break;
  42   2                      case Response_Error_Changed:
  43   2                              sw = 0x6500;
  44   2                              break;
  45   2                      case Response_WrongLength:
  46   2                              sw = 0x6700;
  47   2                              break;
C51 COMPILER V9.01   RESPONSE                                                              02/22/2017 16:00:37 PAGE 3   

  48   2                      case Response_NotSupported:
  49   2                              sw = 0x6800;
  50   2                              break;
  51   2                      case Response_NotSupported_LogicalChannel:
  52   2                              sw = 0x6881;
  53   2                              break;
  54   2                      case Response_NotSupported_SecureMessaging:
  55   2                              sw = 0x6882;
  56   2                              break;
  57   2                      case Response_NotSupported_LastCommandExpected:
  58   2                              sw = 0x6883;
  59   2                              break;
  60   2                      case Response_NotSupported_CommandChain:
  61   2                              sw = 0x6884;
  62   2                              break;
  63   2                      case Response_CmdNotAllowed:
  64   2                              sw = 0x6900;
  65   2                              break;
  66   2                      case Response_CmdNotAllowed_Incompatible_FS:
  67   2                              sw = 0x6981;
  68   2                              break;
  69   2                      case Response_CmdNotAllowed_SecurityStatus:
  70   2                              sw = 0x6982;
  71   2                              break;
  72   2                      case Response_CmdNotAllowed_AuthBlocked:
  73   2                              sw = 0x6983;
  74   2                              break;
  75   2                      case Response_CmdNotAllowed_RefDataNotUsable:
  76   2                              sw = 0x6984;
  77   2                              break;
  78   2                      case Response_CmdNotAllowed_ConditionNotSatisfied:
  79   2                              sw = 0x6985;
  80   2                              break;
  81   2                      case Response_CmdNotAllowed_NoCurrentEF:
  82   2                              sw = 0x6986;
  83   2                              break;
  84   2                      case Response_CmdNotAllowed_ExpectSecureMsg:
  85   2                              sw = 0x6981;
  86   2                              break;
  87   2                      case Response_CmdNotAllowed_IncorrectSecureMsg:
  88   2                              sw = 0x6981;
  89   2                              break;
  90   2                      case Response_WrongP1P2:
  91   2                              sw = 0x6A00;
  92   2                              break;
  93   2                      case Response_WrongP1P2_IncorrectData:
  94   2                              sw = 0x6A80;
  95   2                              break;
  96   2                      case Response_WrongP1P2_FuncNotSupported:
  97   2                              sw = 0x6A81;
  98   2                              break;
  99   2                      case Response_WrongP1P2_FileNotFound:
 100   2                              sw = 0x6A82;
 101   2                              break;
 102   2                      case Response_WrongP1P2_RecordNotFound:
 103   2                              sw = 0x6A83;
 104   2                              break;
 105   2                      case Response_WrongP1P2_NotEnoughMem:
 106   2                              sw = 0x6A84;
 107   2                              break;
 108   2                      case Response_WrongP1P2_NCInconsistentTLV:
 109   2                              sw = 0x6A85;
C51 COMPILER V9.01   RESPONSE                                                              02/22/2017 16:00:37 PAGE 4   

 110   2                              break;
 111   2                      case Response_WrongP1P2_IncorrectP1P2:
 112   2                              sw = 0x6A86;
 113   2                              break;
 114   2                      case Response_WrongP1P2_NCInconsistentP1P2:
 115   2                              sw = 0x6A87;
 116   2                              break;
 117   2                      case Response_WrongP1P2_RefDataNotFound:
 118   2                              sw = 0x6A88;
 119   2                              break;
 120   2                      case Response_WrongP1P2_FileExist:
 121   2                              sw = 0x6A89;
 122   2                              break;
 123   2                      case Response_WrongP1P2_DFNameExist:
 124   2                              sw = 0x6A8A;
 125   2                              break;
 126   2                      case Response_INSNotSupported:
 127   2                              sw = 0x6D00;
 128   2                              break;
 129   2                      case Response_CLANotSupported:
 130   2                              sw = 0x6E00;
 131   2                              break;
 132   2                      case Response_FatalError:
 133   2                              sw = 0x6F00;
 134   2                              break;
 135   2                      default :
 136   2                              sw = 0xEEEE;
 137   2                              break;
 138   2              }
 139   1              sw |= (unsigned int) extra;
 140   1      }
C51 COMPILER V9.01   RESPONSE                                                              02/22/2017 16:00:37 PAGE 5   

ASSEMBLY LISTING OF GENERATED OBJECT CODE


             ; FUNCTION _Response_SetSW (BEGIN)
                                           ; SOURCE LINE # 6
;---- Variable 'extra' assigned to Register 'R1' ----
0000 A905              MOV     R1,AR5
;---- Variable 'response' assigned to Register 'R7' ----
                                           ; SOURCE LINE # 7
                                           ; SOURCE LINE # 8
0002 EF                MOV     A,R7
0003 B42A00            CJNE    A,#02AH,?C0046
0006         ?C0046:
0006 4003              JC      $ + 5H
0008 020000      R     LJMP    ?C0044
000B 900000      R     MOV     DPTR,#?C0047
000E F8                MOV     R0,A
000F 28                ADD     A,R0
0010 28                ADD     A,R0
0011 73                JMP     @A+DPTR
0012         ?C0047:
0012 020000      R     LJMP    ?C0002
0015 020000      R     LJMP    ?C0003
0018 020000      R     LJMP    ?C0004
001B 020000      R     LJMP    ?C0005
001E 020000      R     LJMP    ?C0006
0021 020000      R     LJMP    ?C0007
0024 020000      R     LJMP    ?C0008
0027 020000      R     LJMP    ?C0009
002A 020000      R     LJMP    ?C0010
002D 020000      R     LJMP    ?C0011
0030 020000      R     LJMP    ?C0012
0033 020000      R     LJMP    ?C0013
0036 020000      R     LJMP    ?C0014
0039 020000      R     LJMP    ?C0015
003C 020000      R     LJMP    ?C0016
003F 020000      R     LJMP    ?C0017
0042 020000      R     LJMP    ?C0018
0045 020000      R     LJMP    ?C0019
0048 020000      R     LJMP    ?C0020
004B 020000      R     LJMP    ?C0027
004E 020000      R     LJMP    ?C0022
0051 020000      R     LJMP    ?C0023
0054 020000      R     LJMP    ?C0024
0057 020000      R     LJMP    ?C0025
005A 020000      R     LJMP    ?C0026
005D 020000      R     LJMP    ?C0027
0060 020000      R     LJMP    ?C0027
0063 020000      R     LJMP    ?C0029
0066 020000      R     LJMP    ?C0030
0069 020000      R     LJMP    ?C0031
006C 020000      R     LJMP    ?C0032
006F 020000      R     LJMP    ?C0033
0072 020000      R     LJMP    ?C0034
0075 020000      R     LJMP    ?C0035
0078 020000      R     LJMP    ?C0036
007B 020000      R     LJMP    ?C0037
007E 020000      R     LJMP    ?C0038
0081 020000      R     LJMP    ?C0039
0084 020000      R     LJMP    ?C0040
0087 020000      R     LJMP    ?C0041
008A 020000      R     LJMP    ?C0042
C51 COMPILER V9.01   RESPONSE                                                              02/22/2017 16:00:37 PAGE 6   

008D 020000      R     LJMP    ?C0043
                                           ; SOURCE LINE # 9
0090         ?C0002:
                                           ; SOURCE LINE # 10
0090 900000      R     MOV     DPTR,#sw
0093 7490              MOV     A,#090H
                                           ; SOURCE LINE # 11
0095 020000      R     LJMP    ?C0075
                                           ; SOURCE LINE # 12
0098         ?C0003:
                                           ; SOURCE LINE # 13
0098 900000      R     MOV     DPTR,#sw
009B 7461              MOV     A,#061H
009D         ?C0048:
                                           ; SOURCE LINE # 14
009D 020000      R     LJMP    ?C0075
                                           ; SOURCE LINE # 15
00A0         ?C0004:
                                           ; SOURCE LINE # 16
00A0 900000      R     MOV     DPTR,#sw
00A3 7461              MOV     A,#061H
00A5 F0                MOVX    @DPTR,A
00A6 A3                INC     DPTR
00A7 7408              MOV     A,#08H
00A9 F0                MOVX    @DPTR,A
                                           ; SOURCE LINE # 17
00AA 020000      R     LJMP    ?C0001
                                           ; SOURCE LINE # 18
00AD         ?C0005:
                                           ; SOURCE LINE # 19
00AD 900000      R     MOV     DPTR,#sw
00B0 7462              MOV     A,#062H
00B2         ?C0049:
                                           ; SOURCE LINE # 20
00B2 020000      R     LJMP    ?C0075
                                           ; SOURCE LINE # 21
00B5         ?C0006:
                                           ; SOURCE LINE # 22
00B5 900000      R     MOV     DPTR,#sw
00B8 7462              MOV     A,#062H
                                           ; SOURCE LINE # 23
00BA 020000      R     LJMP    ?C0072
                                           ; SOURCE LINE # 24
00BD         ?C0007:
                                           ; SOURCE LINE # 25
00BD 900000      R     MOV     DPTR,#sw
00C0 7462              MOV     A,#062H
                                           ; SOURCE LINE # 26
00C2 020000      R     LJMP    ?C0066
                                           ; SOURCE LINE # 27
00C5         ?C0008:
                                           ; SOURCE LINE # 28
00C5 900000      R     MOV     DPTR,#sw
00C8 7462              MOV     A,#062H
                                           ; SOURCE LINE # 29
00CA 020000      R     LJMP    ?C0067
                                           ; SOURCE LINE # 30
00CD         ?C0009:
                                           ; SOURCE LINE # 31
00CD 900000      R     MOV     DPTR,#sw
00D0 7463              MOV     A,#063H
00D2         ?C0050:
C51 COMPILER V9.01   RESPONSE                                                              02/22/2017 16:00:37 PAGE 7   

                                           ; SOURCE LINE # 32
00D2 020000      R     LJMP    ?C0075
                                           ; SOURCE LINE # 33
00D5         ?C0010:
                                           ; SOURCE LINE # 34
00D5 900000      R     MOV     DPTR,#sw
00D8 7463              MOV     A,#063H
00DA         ?C0051:
                                           ; SOURCE LINE # 35
00DA 020000      R     LJMP    ?C0072
                                           ; SOURCE LINE # 36
00DD         ?C0011:
                                           ; SOURCE LINE # 37
00DD 900000      R     MOV     DPTR,#sw
00E0 7463              MOV     A,#063H
00E2 F0                MOVX    @DPTR,A
00E3 A3                INC     DPTR
00E4 74C0              MOV     A,#0C0H
00E6 F0                MOVX    @DPTR,A
                                           ; SOURCE LINE # 38
00E7 020000      R     LJMP    ?C0001
                                           ; SOURCE LINE # 39
00EA         ?C0012:
                                           ; SOURCE LINE # 40
00EA 900000      R     MOV     DPTR,#sw
00ED 7464              MOV     A,#064H
00EF         ?C0054:
                                           ; SOURCE LINE # 41
00EF 020000      R     LJMP    ?C0075
                                           ; SOURCE LINE # 42
00F2         ?C0013:
                                           ; SOURCE LINE # 43
00F2 900000      R     MOV     DPTR,#sw
00F5 7465              MOV     A,#065H
00F7         ?C0056:
                                           ; SOURCE LINE # 44
00F7 020000      R     LJMP    ?C0075
                                           ; SOURCE LINE # 45
00FA         ?C0014:
                                           ; SOURCE LINE # 46
00FA 900000      R     MOV     DPTR,#sw
00FD 7467              MOV     A,#067H
00FF         ?C0057:
                                           ; SOURCE LINE # 47
00FF 020000      R     LJMP    ?C0075
                                           ; SOURCE LINE # 48
0102         ?C0015:
                                           ; SOURCE LINE # 49
0102 900000      R     MOV     DPTR,#sw
0105 7468              MOV     A,#068H
0107         ?C0058:
                                           ; SOURCE LINE # 50
0107 020000      R     LJMP    ?C0075
                                           ; SOURCE LINE # 51
010A         ?C0016:
                                           ; SOURCE LINE # 52
010A 900000      R     MOV     DPTR,#sw
010D 7468              MOV     A,#068H
010F         ?C0055:
                                           ; SOURCE LINE # 53
010F 8061              SJMP    ?C0072
                                           ; SOURCE LINE # 54
C51 COMPILER V9.01   RESPONSE                                                              02/22/2017 16:00:37 PAGE 8   

0111         ?C0017:
                                           ; SOURCE LINE # 55
0111 900000      R     MOV     DPTR,#sw
0114 7468              MOV     A,#068H
0116         ?C0052:
                                           ; SOURCE LINE # 56
0116 8067              SJMP    ?C0066
                                           ; SOURCE LINE # 57
0118         ?C0018:
                                           ; SOURCE LINE # 58
0118 900000      R     MOV     DPTR,#sw
011B 7468              MOV     A,#068H
011D         ?C0053:
                                           ; SOURCE LINE # 59
011D 806D              SJMP    ?C0067
                                           ; SOURCE LINE # 60
011F         ?C0019:
                                           ; SOURCE LINE # 61
011F 900000      R     MOV     DPTR,#sw
0122 7468              MOV     A,#068H
                                           ; SOURCE LINE # 62
0124 8072              SJMP    ?C0068
                                           ; SOURCE LINE # 63
0126         ?C0020:
                                           ; SOURCE LINE # 64
0126 900000      R     MOV     DPTR,#sw
0129 7469              MOV     A,#069H
012B         ?C0059:
                                           ; SOURCE LINE # 65
012B 020000      R     LJMP    ?C0075
                                           ; SOURCE LINE # 66
                                           ; SOURCE LINE # 69
012E         ?C0022:
                                           ; SOURCE LINE # 70
012E 900000      R     MOV     DPTR,#sw
0131 7469              MOV     A,#069H
0133         ?C0061:
                                           ; SOURCE LINE # 71
0133 804A              SJMP    ?C0066
                                           ; SOURCE LINE # 72
0135         ?C0023:
                                           ; SOURCE LINE # 73
0135 900000      R     MOV     DPTR,#sw
0138 7469              MOV     A,#069H
013A         ?C0062:
                                           ; SOURCE LINE # 74
013A 8050              SJMP    ?C0067
                                           ; SOURCE LINE # 75
013C         ?C0024:
                                           ; SOURCE LINE # 76
013C 900000      R     MOV     DPTR,#sw
013F 7469              MOV     A,#069H
0141         ?C0063:
                                           ; SOURCE LINE # 77
0141 8055              SJMP    ?C0068
                                           ; SOURCE LINE # 78
0143         ?C0025:
                                           ; SOURCE LINE # 79
0143 900000      R     MOV     DPTR,#sw
0146 7469              MOV     A,#069H
                                           ; SOURCE LINE # 80
0148 805A              SJMP    ?C0069
C51 COMPILER V9.01   RESPONSE                                                              02/22/2017 16:00:37 PAGE 9   

                                           ; SOURCE LINE # 81
014A         ?C0026:
                                           ; SOURCE LINE # 82
014A 900000      R     MOV     DPTR,#sw
014D 7469              MOV     A,#069H
                                           ; SOURCE LINE # 83
014F 805F              SJMP    ?C0070
                                           ; SOURCE LINE # 84
0151         ?C0027:
                                           ; SOURCE LINE # 85
0151 900000      R     MOV     DPTR,#sw
0154 7469              MOV     A,#069H
0156         ?C0065:
                                           ; SOURCE LINE # 86
0156 801A              SJMP    ?C0072
                                           ; SOURCE LINE # 87
                                           ; SOURCE LINE # 90
0158         ?C0029:
                                           ; SOURCE LINE # 91
0158 900000      R     MOV     DPTR,#sw
015B 746A              MOV     A,#06AH
015D         ?C0064:
                                           ; SOURCE LINE # 92
015D 020000      R     LJMP    ?C0075
                                           ; SOURCE LINE # 93
0160         ?C0030:
                                           ; SOURCE LINE # 94
0160 900000      R     MOV     DPTR,#sw
0163 746A              MOV     A,#06AH
0165 F0                MOVX    @DPTR,A
0166 A3                INC     DPTR
0167 7480              MOV     A,#080H
0169 F0                MOVX    @DPTR,A
                                           ; SOURCE LINE # 95
016A 020000      R     LJMP    ?C0001
                                           ; SOURCE LINE # 96
016D         ?C0031:
                                           ; SOURCE LINE # 97
016D 900000      R     MOV     DPTR,#sw
0170 746A              MOV     A,#06AH
0172         ?C0072:
0172 F0                MOVX    @DPTR,A
0173 A3                INC     DPTR
0174 7481              MOV     A,#081H
0176 F0                MOVX    @DPTR,A
                                           ; SOURCE LINE # 98
0177 020000      R     LJMP    ?C0001
                                           ; SOURCE LINE # 99
017A         ?C0032:
                                           ; SOURCE LINE # 100
017A 900000      R     MOV     DPTR,#sw
017D 746A              MOV     A,#06AH
017F         ?C0066:
017F F0                MOVX    @DPTR,A
0180 A3                INC     DPTR
0181 7482              MOV     A,#082H
0183 F0                MOVX    @DPTR,A
                                           ; SOURCE LINE # 101
0184 020000      R     LJMP    ?C0001
                                           ; SOURCE LINE # 102
0187         ?C0033:
                                           ; SOURCE LINE # 103
C51 COMPILER V9.01   RESPONSE                                                              02/22/2017 16:00:37 PAGE 10  

0187 900000      R     MOV     DPTR,#sw
018A 746A              MOV     A,#06AH
018C         ?C0067:
018C F0                MOVX    @DPTR,A
018D A3                INC     DPTR
018E 7483              MOV     A,#083H
0190 F0                MOVX    @DPTR,A
                                           ; SOURCE LINE # 104
0191 8075              SJMP    ?C0001
                                           ; SOURCE LINE # 105
0193         ?C0034:
                                           ; SOURCE LINE # 106
0193 900000      R     MOV     DPTR,#sw
0196 746A              MOV     A,#06AH
0198         ?C0068:
0198 F0                MOVX    @DPTR,A
0199 A3                INC     DPTR
019A 7484              MOV     A,#084H
019C F0                MOVX    @DPTR,A
                                           ; SOURCE LINE # 107
019D 8069              SJMP    ?C0001
                                           ; SOURCE LINE # 108
019F         ?C0035:
                                           ; SOURCE LINE # 109
019F 900000      R     MOV     DPTR,#sw
01A2 746A              MOV     A,#06AH
01A4         ?C0069:
01A4 F0                MOVX    @DPTR,A
01A5 A3                INC     DPTR
01A6 7485              MOV     A,#085H
01A8 F0                MOVX    @DPTR,A
                                           ; SOURCE LINE # 110
01A9 805D              SJMP    ?C0001
                                           ; SOURCE LINE # 111
01AB         ?C0036:
                                           ; SOURCE LINE # 112
01AB 900000      R     MOV     DPTR,#sw
01AE 746A              MOV     A,#06AH
01B0         ?C0070:
01B0 F0                MOVX    @DPTR,A
01B1 A3                INC     DPTR
01B2 7486              MOV     A,#086H
01B4 F0                MOVX    @DPTR,A
                                           ; SOURCE LINE # 113
01B5 8051              SJMP    ?C0001
                                           ; SOURCE LINE # 114
01B7         ?C0037:
                                           ; SOURCE LINE # 115
01B7 900000      R     MOV     DPTR,#sw
01BA 746A              MOV     A,#06AH
01BC F0                MOVX    @DPTR,A
01BD A3                INC     DPTR
01BE 7487              MOV     A,#087H
01C0 F0                MOVX    @DPTR,A
                                           ; SOURCE LINE # 116
01C1 8045              SJMP    ?C0001
                                           ; SOURCE LINE # 117
01C3         ?C0038:
                                           ; SOURCE LINE # 118
01C3 900000      R     MOV     DPTR,#sw
01C6 746A              MOV     A,#06AH
01C8 F0                MOVX    @DPTR,A
C51 COMPILER V9.01   RESPONSE                                                              02/22/2017 16:00:37 PAGE 11  

01C9 A3                INC     DPTR
01CA 7488              MOV     A,#088H
01CC F0                MOVX    @DPTR,A
                                           ; SOURCE LINE # 119
01CD 8039              SJMP    ?C0001
                                           ; SOURCE LINE # 120
01CF         ?C0039:
                                           ; SOURCE LINE # 121
01CF 900000      R     MOV     DPTR,#sw
01D2 746A              MOV     A,#06AH
01D4 F0                MOVX    @DPTR,A
01D5 A3                INC     DPTR
01D6 7489              MOV     A,#089H
01D8 F0                MOVX    @DPTR,A
                                           ; SOURCE LINE # 122
01D9 802D              SJMP    ?C0001
                                           ; SOURCE LINE # 123
01DB         ?C0040:
                                           ; SOURCE LINE # 124
01DB 900000      R     MOV     DPTR,#sw
01DE 746A              MOV     A,#06AH
01E0 F0                MOVX    @DPTR,A
01E1 A3                INC     DPTR
01E2 748A              MOV     A,#08AH
01E4 F0                MOVX    @DPTR,A
                                           ; SOURCE LINE # 125
01E5 8021              SJMP    ?C0001
                                           ; SOURCE LINE # 126
01E7         ?C0041:
                                           ; SOURCE LINE # 127
01E7 900000      R     MOV     DPTR,#sw
01EA 746D              MOV     A,#06DH
01EC         ?C0073:
                                           ; SOURCE LINE # 128
01EC 800C              SJMP    ?C0075
                                           ; SOURCE LINE # 129
01EE         ?C0042:
                                           ; SOURCE LINE # 130
01EE 900000      R     MOV     DPTR,#sw
01F1 746E              MOV     A,#06EH
01F3         ?C0074:
                                           ; SOURCE LINE # 131
01F3 8005              SJMP    ?C0075
                                           ; SOURCE LINE # 132
01F5         ?C0043:
                                           ; SOURCE LINE # 133
01F5 900000      R     MOV     DPTR,#sw
01F8 746F              MOV     A,#06FH
01FA         ?C0075:
01FA F0                MOVX    @DPTR,A
01FB A3                INC     DPTR
01FC E4                CLR     A
01FD F0                MOVX    @DPTR,A
                                           ; SOURCE LINE # 134
01FE 8008              SJMP    ?C0001
                                           ; SOURCE LINE # 135
0200         ?C0044:
                                           ; SOURCE LINE # 136
0200 74EE              MOV     A,#0EEH
0202 900000      R     MOV     DPTR,#sw
0205 F0                MOVX    @DPTR,A
0206 A3                INC     DPTR
C51 COMPILER V9.01   RESPONSE                                                              02/22/2017 16:00:37 PAGE 12  

0207 F0                MOVX    @DPTR,A
                                           ; SOURCE LINE # 137
                                           ; SOURCE LINE # 138
0208         ?C0001:
                                           ; SOURCE LINE # 139
0208 AF01              MOV     R7,AR1
020A 900000      R     MOV     DPTR,#sw
020D E0                MOVX    A,@DPTR
020E F0                MOVX    @DPTR,A
020F A3                INC     DPTR
0210 E0                MOVX    A,@DPTR
0211 4F                ORL     A,R7
0212 F0                MOVX    @DPTR,A
                                           ; SOURCE LINE # 140
0213 22                RET     
             ; FUNCTION _Response_SetSW (END)

C51 COMPILER V9.01   RESPONSE                                                              02/22/2017 16:00:37 PAGE 13  

NAME                                    CLASS   MSPACE  TYPE    OFFSET  SIZE
====                                    =====   ======  ====    ======  ====


Response_Warning_Unchanged . . . . . .  E_CONST  -----  U_CHAR   -----  1
Response_CmdNotAllowed_Incompatible_FS  E_CONST  -----  U_CHAR   -----  1
Response_CLANotSupported . . . . . . .  E_CONST  -----  U_CHAR   -----  1
Response_Auth_Success. . . . . . . . .  E_CONST  -----  U_CHAR   -----  1
Response_Warning_FilledUp. . . . . . .  E_CONST  -----  U_CHAR   -----  1
_Response_SetSW. . . . . . . . . . . .  PUBLIC   CODE   PROC     0000H  -----
  response . . . . . . . . . . . . . .  * REG *  DATA   U_CHAR   0007H  1
  extra. . . . . . . . . . . . . . . .  * REG *  DATA   U_CHAR   0001H  1
Response_CmdNotAllowed_SecurityStatus.  E_CONST  -----  U_CHAR   -----  1
Response_NotSupported_LogicalChannel .  E_CONST  -----  U_CHAR   -----  1
Response_Warning_Changed . . . . . . .  E_CONST  -----  U_CHAR   -----  1
Response_INSNotSupported . . . . . . .  E_CONST  -----  U_CHAR   -----  1
Response_Normal. . . . . . . . . . . .  E_CONST  -----  U_CHAR   -----  1
Response_NotSupported_SecureMessaging.  E_CONST  -----  U_CHAR   -----  1
Response_NotSupported_LastCommandExpec  E_CONST  -----  U_CHAR   -----  1
Response_WrongLength . . . . . . . . .  E_CONST  -----  U_CHAR   -----  1
Response_FatalError. . . . . . . . . .  E_CONST  -----  U_CHAR   -----  1
Response_CmdNotAllowed_ExpectSecureMsg  E_CONST  -----  U_CHAR   -----  1
Response_CmdNotAllowed_ConditionNotSat  E_CONST  -----  U_CHAR   -----  1
Response_NotSupported. . . . . . . . .  E_CONST  -----  U_CHAR   -----  1
Response_Error_Unchanged . . . . . . .  E_CONST  -----  U_CHAR   -----  1
Response_WrongP1P2_FuncNotSupported. .  E_CONST  -----  U_CHAR   -----  1
Response_WrongP1P2_FileExist . . . . .  E_CONST  -----  U_CHAR   -----  1
Response_WrongP1P2_NCInconsistentTLV .  E_CONST  -----  U_CHAR   -----  1
Response_NotSupported_CommandChain . .  E_CONST  -----  U_CHAR   -----  1
Response_WrongP1P2_RecordNotFound. . .  E_CONST  -----  U_CHAR   -----  1
Response_Warning_EndOfFile . . . . . .  E_CONST  -----  U_CHAR   -----  1
Response_WrongP1P2_DFNameExist . . . .  E_CONST  -----  U_CHAR   -----  1
Response_WrongP1P2 . . . . . . . . . .  E_CONST  -----  U_CHAR   -----  1
Response_CmdNotAllowed . . . . . . . .  E_CONST  -----  U_CHAR   -----  1
Response_WrongP1P2_NCInconsistentP1P2.  E_CONST  -----  U_CHAR   -----  1
Response_OK. . . . . . . . . . . . . .  E_CONST  -----  U_CHAR   -----  1
Response_Error_Changed . . . . . . . .  E_CONST  -----  U_CHAR   -----  1
Response_Warning_Counter . . . . . . .  E_CONST  -----  U_CHAR   -----  1
Response_WrongP1P2_IncorrectData . . .  E_CONST  -----  U_CHAR   -----  1
Response_Warning_FileDeactivated . . .  E_CONST  -----  U_CHAR   -----  1
Response_CmdNotAllowed_RefDataNotUsable E_CONST  -----  U_CHAR   -----  1
Response_CmdNotAllowed_NoCurrentEF . .  E_CONST  -----  U_CHAR   -----  1
Response_WrongP1P2_IncorrectP1P2 . . .  E_CONST  -----  U_CHAR   -----  1
Response_WrongP1P2_FileNotFound. . . .  E_CONST  -----  U_CHAR   -----  1
Response_Warning_DataCorrupt . . . . .  E_CONST  -----  U_CHAR   -----  1
Response_WrongP1P2_NotEnoughMem. . . .  E_CONST  -----  U_CHAR   -----  1
rspn_type. . . . . . . . . . . . . . .  TYPEDEF  -----  U_CHAR   -----  1
sw . . . . . . . . . . . . . . . . . .  PUBLIC   XDATA  U_INT    0000H  2
Response_CmdNotAllowed_IncorrectSecure  E_CONST  -----  U_CHAR   -----  1
Response_WrongP1P2_RefDataNotFound . .  E_CONST  -----  U_CHAR   -----  1
Response_CmdNotAllowed_AuthBlocked . .  E_CONST  -----  U_CHAR   -----  1


MODULE INFORMATION:   STATIC OVERLAYABLE
   CODE SIZE        =    532    ----
   CONSTANT SIZE    =   ----    ----
   XDATA SIZE       =      2    ----
   PDATA SIZE       =   ----    ----
   DATA SIZE        =   ----    ----
   IDATA SIZE       =   ----    ----
   BIT SIZE         =   ----    ----
END OF MODULE INFORMATION.

C51 COMPILER V9.01   RESPONSE                                                              02/22/2017 16:00:37 PAGE 14  


C51 COMPILATION COMPLETE.  0 WARNING(S),  0 ERROR(S)
